<?xml version="1.0" encoding="UTF-8" ?>
<testsuite failures="0" time="0.191" errors="1" skipped="0" tests="2" name="com.billapp.cashman.vault.VaultDeviceInitializedTest">
  <properties>
[...]
</properties>
  <testcase time="0.092" classname="com.billapp.cashman.vault.VaultDeviceInitializedTest" name="testRequestNeg">
    <error type="java.util.NoSuchElementException">java.util.NoSuchElementException
	at java.util.TreeMap.key(TreeMap.java:1221)
	at java.util.TreeMap.lastKey(TreeMap.java:292)
	at java.util.TreeSet.last(TreeSet.java:401)
	at com.billapp.cashman.vault.CombinationBuilder.buildPossibleUnit1List(CombinationBuilder.java:86)
	at com.billapp.cashman.vault.CombinationBuilder.buildPossibleCmdList(CombinationBuilder.java:72)
	at com.billapp.cashman.vault.CombinationBuilder.buildWithdrawCommand(CombinationBuilder.java:128)
	at com.billapp.cashman.vault.VaultController.withdraw(VaultController.java:177)
	at com.billapp.cashman.vault.VaultDevice.request(VaultDevice.java:208)
	at com.billapp.cashman.vault.VaultDevice.request(VaultDevice.java:174)
	at com.billapp.cashman.vault.VaultDeviceInitializedTest.testRequestNeg(VaultDeviceInitializedTest.java:40)
	at sun.reflect.NativeMethodAccessorImpl.invoke0(Native Method)
	at sun.reflect.NativeMethodAccessorImpl.invoke(NativeMethodAccessorImpl.java:57)
	at sun.reflect.DelegatingMethodAccessorImpl.invoke(DelegatingMethodAccessorImpl.java:43)
	at java.lang.reflect.Method.invoke(Method.java:606)
	at org.junit.runners.model.FrameworkMethod$1.runReflectiveCall(FrameworkMethod.java:47)
	at org.junit.internal.runners.model.ReflectiveCallable.run(ReflectiveCallable.java:12)
	at org.junit.runners.model.FrameworkMethod.invokeExplosively(FrameworkMethod.java:44)
	at org.junit.internal.runners.statements.InvokeMethod.evaluate(InvokeMethod.java:17)
	at org.junit.internal.runners.statements.RunBefores.evaluate(RunBefores.java:26)
	at org.junit.internal.runners.statements.RunAfters.evaluate(RunAfters.java:27)
	at org.junit.runners.ParentRunner.runLeaf(ParentRunner.java:271)
	at org.junit.runners.BlockJUnit4ClassRunner.runChild(BlockJUnit4ClassRunner.java:70)
	at org.junit.runners.BlockJUnit4ClassRunner.runChild(BlockJUnit4ClassRunner.java:50)
	at org.junit.runners.ParentRunner$3.run(ParentRunner.java:238)
	at org.junit.runners.ParentRunner$1.schedule(ParentRunner.java:63)
	at org.junit.runners.ParentRunner.runChildren(ParentRunner.java:236)
	at org.junit.runners.ParentRunner.access$000(ParentRunner.java:53)
	at org.junit.runners.ParentRunner$2.evaluate(ParentRunner.java:229)
	at org.junit.runners.ParentRunner.run(ParentRunner.java:309)
	at org.apache.maven.surefire.junit4.JUnit4TestSet.execute(JUnit4TestSet.java:53)
	at org.apache.maven.surefire.junit4.JUnit4Provider.executeTestSet(JUnit4Provider.java:123)
	at org.apache.maven.surefire.junit4.JUnit4Provider.invoke(JUnit4Provider.java:104)
	at sun.reflect.NativeMethodAccessorImpl.invoke0(Native Method)
	at sun.reflect.NativeMethodAccessorImpl.invoke(NativeMethodAccessorImpl.java:57)
	at sun.reflect.DelegatingMethodAccessorImpl.invoke(DelegatingMethodAccessorImpl.java:43)
	at java.lang.reflect.Method.invoke(Method.java:606)
	at org.apache.maven.surefire.util.ReflectionUtils.invokeMethodWithArray(ReflectionUtils.java:164)
	at org.apache.maven.surefire.booter.ProviderFactory$ProviderProxy.invoke(ProviderFactory.java:110)
	at org.apache.maven.surefire.booter.SurefireStarter.invokeProvider(SurefireStarter.java:175)
	at org.apache.maven.surefire.booter.SurefireStarter.runSuitesInProcessWhenForked(SurefireStarter.java:107)
	at org.apache.maven.surefire.booter.ForkedBooter.main(ForkedBooter.java:68)
</error>
    <system-out>controller +obs
device initialized
requesting 97.0
trying to withdraw:97
calculating for:97
build withdraw for:97
shutting down vault
controller shutted down
</system-out>
  </testcase>
  <testcase time="0.096" classname="com.billapp.cashman.vault.VaultDeviceInitializedTest" name="testDeposit"/>
</testsuite>