<?xml version="1.0" encoding="UTF-8" ?>
<testsuite failures="0" time="0.915" errors="0" skipped="0" tests="9" name="com.billapp.cashman.vault.VaultDeviceRichTest">
  <properties>
[...]
</properties>
  <testcase time="0.117" classname="com.billapp.cashman.vault.VaultDeviceRichTest" name="testRequestD20"/>
  <testcase time="0.102" classname="com.billapp.cashman.vault.VaultDeviceRichTest" name="testRequestD40"/>
  <testcase time="0.103" classname="com.billapp.cashman.vault.VaultDeviceRichTest" name="testRequestD50"/>
  <testcase time="0.102" classname="com.billapp.cashman.vault.VaultDeviceRichTest" name="testRequestD60"/>
  <testcase time="0.101" classname="com.billapp.cashman.vault.VaultDeviceRichTest" name="testRequestD70"/>
  <testcase time="0.095" classname="com.billapp.cashman.vault.VaultDeviceRichTest" name="testRequestD80"/>
  <testcase time="0.089" classname="com.billapp.cashman.vault.VaultDeviceRichTest" name="testRequestD100"/>
  <testcase time="0.107" classname="com.billapp.cashman.vault.VaultDeviceRichTest" name="testRequestD110"/>
  <testcase time="0.096" classname="com.billapp.cashman.vault.VaultDeviceRichTest" name="testRequestD150"/>
</testsuite>